2025-02-26 14:02:52,448 [INFO] Activator:176 - 


2025-02-26 14:02:52,455 [INFO] Activator:177 - !SESSION log4j initialized
2025-02-26 14:02:57,651 [INFO] LogOutputStream:77 - [STDOUT_REDIRECT] 
2025-02-26 14:03:00,261 [INFO] ApplicationProperties:184 - Using Application install path: C:\ST\STM32CubeIDE_1.17.0\STM32CubeIDE\plugins\com.st.stm32cube.common.mx_6.13.0.202411220809
2025-02-26 14:03:00,286 [INFO] DbMcusXml:78 - Set database path to: C:\ST\STM32CubeIDE_1.17.0\STM32CubeIDE\plugins\com.st.stm32cube.common.mx_6.13.0.202411220809\\db\/mcu/
2025-02-26 14:03:00,286 [INFO] ApiDb:274 - Set plugin database path to: C:\ST\STM32CubeIDE_1.17.0\STM32CubeIDE\plugins\com.st.stm32cube.common.mx_6.13.0.202411220809\\db\/plugins/boardmanager/
2025-02-26 14:03:00,287 [WARN] ApiDb:259 - Overriding images path with different value:  => C:\ST\STM32CubeIDE_1.17.0\STM32CubeIDE\plugins\com.st.stm32cube.common.mx_6.13.0.202411220809\\db\/plugins/mcufinder/images/
2025-02-26 14:03:00,298 [INFO] ApiDb:250 - Set database path to: C:\Users\Good\.stmcufinder\plugins\mcufinder//mcu/
2025-02-26 14:03:00,300 [INFO] DbMcusAds:125 - Set database path to: C:\Users\Good\.stmcufinder\plugins\mcufinder//mcu/
2025-02-26 14:03:00,303 [INFO] CrossReferenceDbSqlite:203 - Set database path to: C:\Users\Good\.stmcufinder\plugins\mcufinder//mcu/cs/
2025-02-26 14:03:00,431 [INFO] RulesReader:64 - Compatibility file has been processed (297 Rules)
2025-02-26 14:03:00,531 [INFO] DbMcusXml:78 - Set database path to: C:\ST\STM32CubeIDE_1.17.0\STM32CubeIDE\plugins\com.st.stm32cube.common.mx_6.13.0.202411220809\\db\/mcu/
2025-02-26 14:03:00,531 [INFO] ApiDb:274 - Set plugin database path to: C:\ST\STM32CubeIDE_1.17.0\STM32CubeIDE\plugins\com.st.stm32cube.common.mx_6.13.0.202411220809\\db\/plugins/boardmanager/
2025-02-26 14:03:00,531 [INFO] ApiDb:261 - Set plugin images path to: C:\ST\STM32CubeIDE_1.17.0\STM32CubeIDE\plugins\com.st.stm32cube.common.mx_6.13.0.202411220809\\db\/plugins/mcufinder/images/
2025-02-26 14:03:00,531 [WARN] DbFile:41 - Overriding database path with different value: C:\Users\Good\.stmcufinder\plugins\mcufinder/ => C:\Users\Good\.stmcufinder\plugins\mcufinder
2025-02-26 14:03:00,531 [INFO] ApiDb:250 - Set database path to: C:\Users\Good\.stmcufinder\plugins\mcufinder//mcu/
2025-02-26 14:03:00,531 [WARN] DbFile:41 - Overriding database path with different value: C:\Users\Good\.stmcufinder\plugins\mcufinder/ => C:\Users\Good\.stmcufinder\plugins\mcufinder
2025-02-26 14:03:00,531 [INFO] DbMcusAds:125 - Set database path to: C:\Users\Good\.stmcufinder\plugins\mcufinder//mcu/
2025-02-26 14:03:00,531 [WARN] DbFile:41 - Overriding database path with different value: C:\Users\Good\.stmcufinder\plugins\mcufinder/ => C:\Users\Good\.stmcufinder\plugins\mcufinder
2025-02-26 14:03:00,531 [WARN] DbFile:41 - Overriding database path with different value: C:\Users\Good\.stmcufinder\plugins\mcufinder/ => C:\Users\Good\.stmcufinder\plugins\mcufinder
2025-02-26 14:03:00,531 [INFO] CrossReferenceDbSqlite:203 - Set database path to: C:\Users\Good\.stmcufinder\plugins\mcufinder//mcu/cs/
2025-02-26 14:03:00,635 [INFO] MainPanel:272 - HeapMemory: 268435456
2025-02-26 14:03:00,813 [INFO] DbMcusXml:78 - Set database path to: C:\ST\STM32CubeIDE_1.17.0\STM32CubeIDE\plugins\com.st.stm32cube.common.mx_6.13.0.202411220809\\db\/mcu/
2025-02-26 14:03:00,813 [INFO] ApiDb:274 - Set plugin database path to: C:\ST\STM32CubeIDE_1.17.0\STM32CubeIDE\plugins\com.st.stm32cube.common.mx_6.13.0.202411220809\\db\/plugins/boardmanager/
2025-02-26 14:03:00,813 [INFO] ApiDb:261 - Set plugin images path to: C:\ST\STM32CubeIDE_1.17.0\STM32CubeIDE\plugins\com.st.stm32cube.common.mx_6.13.0.202411220809\\db\/plugins/mcufinder/images/
2025-02-26 14:03:00,814 [WARN] DbFile:41 - Overriding database path with different value: C:\Users\Good\.stmcufinder\plugins\mcufinder/ => C:\Users\Good\.stmcufinder\plugins\mcufinder
2025-02-26 14:03:00,814 [INFO] ApiDb:250 - Set database path to: C:\Users\Good\.stmcufinder\plugins\mcufinder//mcu/
2025-02-26 14:03:00,814 [WARN] DbFile:41 - Overriding database path with different value: C:\Users\Good\.stmcufinder\plugins\mcufinder/ => C:\Users\Good\.stmcufinder\plugins\mcufinder
2025-02-26 14:03:00,814 [INFO] DbMcusAds:125 - Set database path to: C:\Users\Good\.stmcufinder\plugins\mcufinder//mcu/
2025-02-26 14:03:00,814 [WARN] DbFile:41 - Overriding database path with different value: C:\Users\Good\.stmcufinder\plugins\mcufinder/ => C:\Users\Good\.stmcufinder\plugins\mcufinder
2025-02-26 14:03:00,814 [WARN] DbFile:41 - Overriding database path with different value: C:\Users\Good\.stmcufinder\plugins\mcufinder/ => C:\Users\Good\.stmcufinder\plugins\mcufinder
2025-02-26 14:03:00,814 [INFO] CrossReferenceDbSqlite:203 - Set database path to: C:\Users\Good\.stmcufinder\plugins\mcufinder//mcu/cs/
2025-02-26 14:03:00,838 [INFO] ApplicationProperties:184 - Using Application install path: C:\ST\STM32CubeIDE_1.17.0\STM32CubeIDE\plugins\com.st.stm32cube.common.mx_6.13.0.202411220809
2025-02-26 14:03:00,839 [INFO] PluginManage:196 - Search for loadable plugins [exclusion list=, ]
2025-02-26 14:03:00,841 [INFO] PluginManage:310 - Check plugin analytics
2025-02-26 14:03:01,029 [INFO] AnalyticsPlugin:253 - Accepted Software Licenses: 
2025-02-26 14:03:01,030 [INFO] AnalyticsPlugin:255 - Accepted CMSIS Pack Licenses: 
2025-02-26 14:03:01,030 [INFO] AnalyticsPlugin:257 - Accepted Firmware Licenses: 
2025-02-26 14:03:01,033 [INFO] PluginManage:359 - Loaded plugin analytics (category:tool,tabindex:-1)
2025-02-26 14:03:01,033 [INFO] PluginManage:310 - Check plugin cadmodel
2025-02-26 14:03:01,041 [INFO] CADModel:105 - Init CAD model plugin
2025-02-26 14:03:01,041 [INFO] PluginManage:359 - Loaded plugin cadmodel (category:power,tabindex:5)
2025-02-26 14:03:01,042 [INFO] PluginManage:310 - Check plugin clock
2025-02-26 14:03:01,055 [INFO] PluginManage:359 - Loaded plugin clock (category:base,tabindex:2)
2025-02-26 14:03:01,055 [INFO] PluginManage:310 - Check plugin ddr
2025-02-26 14:03:01,060 [INFO] PluginManage:359 - Loaded plugin ddr (category:tool,tabindex:6)
2025-02-26 14:03:01,060 [INFO] PluginManage:310 - Check plugin filemanager
2025-02-26 14:03:01,240 [INFO] PluginManage:359 - Loaded plugin filemanager (category:base,tabindex:10)
2025-02-26 14:03:01,240 [INFO] PluginManage:310 - Check plugin ipmanager
2025-02-26 14:03:01,251 [INFO] PluginManage:359 - Loaded plugin ipmanager (category:base,tabindex:5)
2025-02-26 14:03:01,251 [INFO] PluginManage:310 - Check plugin lpbam
2025-02-26 14:03:01,263 [INFO] PluginManage:359 - Loaded plugin lpbam (category:base,tabindex:0)
2025-02-26 14:03:01,263 [INFO] PluginManage:310 - Check plugin memorymap
2025-02-26 14:03:01,283 [INFO] PluginManage:359 - Loaded plugin memorymap (category:base,tabindex:4)
2025-02-26 14:03:01,283 [INFO] PluginManage:310 - Check plugin pinoutandconfiguration
2025-02-26 14:03:01,299 [INFO] PluginManage:359 - Loaded plugin pinoutandconfiguration (category:base,tabindex:1)
2025-02-26 14:03:01,299 [INFO] PluginManage:310 - Check plugin pinoutconfig
2025-02-26 14:03:01,400 [WARN] SupportedApi:132 - Cannot load RTOS API schema: s4s-elt-must-match.1: The content of 'definitions' must match (annotation?, (simpleType | complexType)?, (unique | key | keyref)*)). A problem was found starting at: attribute.
2025-02-26 14:03:01,551 [INFO] PluginManage:359 - Loaded plugin pinoutconfig (category:base,tabindex:0)
2025-02-26 14:03:01,551 [INFO] PluginManage:310 - Check plugin power
2025-02-26 14:03:01,564 [INFO] PluginManage:359 - Loaded plugin power (category:power,tabindex:4)
2025-02-26 14:03:01,564 [INFO] PluginManage:310 - Check plugin projectmanager
2025-02-26 14:03:01,579 [INFO] PluginManage:359 - Loaded plugin projectmanager (category:projectmanager,tabindex:4)
2025-02-26 14:03:01,580 [INFO] PluginManage:310 - Check plugin rif
2025-02-26 14:03:01,588 [INFO] PluginManage:359 - Loaded plugin rif (category:base,tabindex:3)
2025-02-26 14:03:01,588 [INFO] PluginManage:310 - Check plugin thirdparty
2025-02-26 14:03:01,756 [WARN] IntegrityCheckThread:84 - waiting for thirdparty lock release [integrity check]
2025-02-26 14:03:01,757 [INFO] PluginManage:359 - Loaded plugin thirdparty (category:base,tabindex:-1)
2025-02-26 14:03:01,757 [INFO] IntegrityCheckThread:86 - entering critical section [integrity check]
2025-02-26 14:03:01,757 [INFO] PluginManage:310 - Check plugin tools
2025-02-26 14:03:01,757 [INFO] ThirdPartyUpdaterWithRetryManager:70 - Updater plugin not ready yet. [1/15]
2025-02-26 14:03:01,761 [INFO] PluginManage:359 - Loaded plugin tools (category:base,tabindex:7)
2025-02-26 14:03:01,761 [INFO] PluginManage:310 - Check plugin tutovideos
2025-02-26 14:03:01,952 [INFO] PluginManage:359 - Loaded plugin tutovideos (category:base,tabindex:-1)
2025-02-26 14:03:01,952 [INFO] PluginManage:310 - Check plugin updater
2025-02-26 14:03:01,973 [INFO] PluginManage:359 - Loaded plugin updater (category:base,tabindex:12)
2025-02-26 14:03:01,974 [INFO] PluginManage:310 - Check plugin userauth
2025-02-26 14:03:01,978 [INFO] UserAuth:118 - Init User Auth plugin
2025-02-26 14:03:01,979 [INFO] PluginManage:359 - Loaded plugin userauth (category:base,tabindex:14)
2025-02-26 14:03:01,980 [INFO] PluginManage:283 - PluginManage : Loaded plugins [18]
2025-02-26 14:03:02,214 [INFO] PinOutPanel:1589 - setPackage(No Configuration,No Configuration)
2025-02-26 14:03:02,311 [INFO] CADModel:165 - CPN selected for project level
2025-02-26 14:03:02,311 [INFO] CADModel:114 - Register for checkConnection events
2025-02-26 14:03:02,332 [INFO] IPUIPlugin:80 - create IPUIPlugin
2025-02-26 14:03:02,332 [INFO] PluginManager:220 - loadIPPluginJar : add adc
2025-02-26 14:03:02,337 [INFO] IPUIPlugin:80 - create IPUIPlugin
2025-02-26 14:03:02,337 [INFO] PluginManager:220 - loadIPPluginJar : add aes
2025-02-26 14:03:02,341 [INFO] IPUIPlugin:80 - create IPUIPlugin
2025-02-26 14:03:02,341 [INFO] PluginManager:220 - loadIPPluginJar : add can
2025-02-26 14:03:02,343 [INFO] IPUIPlugin:80 - create IPUIPlugin
2025-02-26 14:03:02,343 [INFO] PluginManager:220 - loadIPPluginJar : add comp
2025-02-26 14:03:02,346 [INFO] IPUIPlugin:80 - create IPUIPlugin
2025-02-26 14:03:02,346 [INFO] PluginManager:220 - loadIPPluginJar : add cryp
2025-02-26 14:03:02,350 [INFO] IPUIPlugin:80 - create IPUIPlugin
2025-02-26 14:03:02,350 [INFO] PluginManager:220 - loadIPPluginJar : add ddr_ctrl_phy
2025-02-26 14:03:02,353 [INFO] IPUIPlugin:80 - create IPUIPlugin
2025-02-26 14:03:02,353 [INFO] PluginManager:220 - loadIPPluginJar : add dfsdm
2025-02-26 14:03:02,359 [INFO] IPUIPlugin:80 - create IPUIPlugin
2025-02-26 14:03:02,359 [INFO] PluginManager:220 - loadIPPluginJar : add dma
2025-02-26 14:03:02,362 [INFO] IPUIPlugin:80 - create IPUIPlugin
2025-02-26 14:03:02,363 [INFO] PluginManager:220 - loadIPPluginJar : add dma3
2025-02-26 14:03:02,366 [INFO] IPUIPlugin:80 - create IPUIPlugin
2025-02-26 14:03:02,366 [INFO] PluginManager:220 - loadIPPluginJar : add extmemmanager
2025-02-26 14:03:02,369 [INFO] IPUIPlugin:80 - create IPUIPlugin
2025-02-26 14:03:02,370 [INFO] PluginManager:220 - loadIPPluginJar : add fatfs
2025-02-26 14:03:02,376 [INFO] IPUIPlugin:80 - create IPUIPlugin
2025-02-26 14:03:02,376 [INFO] PluginManager:220 - loadIPPluginJar : add fmc
2025-02-26 14:03:02,383 [INFO] IPUIPlugin:80 - create IPUIPlugin
2025-02-26 14:03:02,383 [INFO] PluginManager:220 - loadIPPluginJar : add freertos
2025-02-26 14:03:02,386 [INFO] IPUIPlugin:80 - create IPUIPlugin
2025-02-26 14:03:02,386 [INFO] PluginManager:220 - loadIPPluginJar : add genericplugin
2025-02-26 14:03:02,389 [INFO] IPUIPlugin:80 - create IPUIPlugin
2025-02-26 14:03:02,389 [INFO] PluginManager:220 - loadIPPluginJar : add gfxmmu
2025-02-26 14:03:02,395 [INFO] IPUIPlugin:80 - create IPUIPlugin
2025-02-26 14:03:02,396 [INFO] PluginManager:220 - loadIPPluginJar : add gic
2025-02-26 14:03:02,402 [INFO] IPUIPlugin:80 - create IPUIPlugin
2025-02-26 14:03:02,402 [INFO] PluginManager:220 - loadIPPluginJar : add gpio
2025-02-26 14:03:02,407 [INFO] IPUIPlugin:80 - create IPUIPlugin
2025-02-26 14:03:02,407 [INFO] PluginManager:220 - loadIPPluginJar : add gtzc
2025-02-26 14:03:02,411 [INFO] IPUIPlugin:80 - create IPUIPlugin
2025-02-26 14:03:02,411 [INFO] PluginManager:220 - loadIPPluginJar : add hash
2025-02-26 14:03:02,415 [INFO] IPUIPlugin:80 - create IPUIPlugin
2025-02-26 14:03:02,415 [INFO] PluginManager:220 - loadIPPluginJar : add i2c
2025-02-26 14:03:02,419 [INFO] IPUIPlugin:80 - create IPUIPlugin
2025-02-26 14:03:02,420 [INFO] PluginManager:220 - loadIPPluginJar : add i2s
2025-02-26 14:03:02,424 [INFO] IPUIPlugin:80 - create IPUIPlugin
2025-02-26 14:03:02,425 [INFO] PluginManager:220 - loadIPPluginJar : add i3c
2025-02-26 14:03:02,428 [INFO] IPUIPlugin:80 - create IPUIPlugin
2025-02-26 14:03:02,429 [INFO] PluginManager:220 - loadIPPluginJar : add ipddr
2025-02-26 14:03:02,436 [INFO] IPUIPlugin:80 - create IPUIPlugin
2025-02-26 14:03:02,436 [INFO] PluginManager:220 - loadIPPluginJar : add linkedlist
2025-02-26 14:03:02,441 [INFO] IPUIPlugin:80 - create IPUIPlugin
2025-02-26 14:03:02,441 [INFO] PluginManager:220 - loadIPPluginJar : add lorawan
2025-02-26 14:03:02,444 [INFO] IPUIPlugin:80 - create IPUIPlugin
2025-02-26 14:03:02,444 [INFO] PluginManager:220 - loadIPPluginJar : add ltdc
2025-02-26 14:03:02,451 [INFO] IPUIPlugin:80 - create IPUIPlugin
2025-02-26 14:03:02,451 [INFO] PluginManager:220 - loadIPPluginJar : add mdma
2025-02-26 14:03:02,457 [INFO] IPUIPlugin:80 - create IPUIPlugin
2025-02-26 14:03:02,457 [INFO] PluginManager:220 - loadIPPluginJar : add nvic
2025-02-26 14:03:02,462 [INFO] IPUIPlugin:80 - create IPUIPlugin
2025-02-26 14:03:02,462 [INFO] PluginManager:220 - loadIPPluginJar : add opamp
2025-02-26 14:03:02,467 [INFO] IPUIPlugin:80 - create IPUIPlugin
2025-02-26 14:03:02,467 [INFO] PluginManager:220 - loadIPPluginJar : add openamp
2025-02-26 14:03:02,472 [INFO] IPUIPlugin:80 - create IPUIPlugin
2025-02-26 14:03:02,472 [INFO] PluginManager:220 - loadIPPluginJar : add pdm2pcm
2025-02-26 14:03:02,480 [INFO] IPUIPlugin:80 - create IPUIPlugin
2025-02-26 14:03:02,482 [INFO] PluginManager:220 - loadIPPluginJar : add plateformsettings
2025-02-26 14:03:02,484 [INFO] IPUIPlugin:80 - create IPUIPlugin
2025-02-26 14:03:02,485 [INFO] PluginManager:220 - loadIPPluginJar : add quadspi
2025-02-26 14:03:02,487 [INFO] IPUIPlugin:80 - create IPUIPlugin
2025-02-26 14:03:02,488 [INFO] PluginManager:220 - loadIPPluginJar : add radio
2025-02-26 14:03:02,496 [INFO] IPUIPlugin:80 - create IPUIPlugin
2025-02-26 14:03:02,497 [INFO] PluginManager:220 - loadIPPluginJar : add resmgrutility
2025-02-26 14:03:02,501 [INFO] IPUIPlugin:80 - create IPUIPlugin
2025-02-26 14:03:02,501 [INFO] PluginManager:220 - loadIPPluginJar : add sai
2025-02-26 14:03:02,505 [INFO] IPUIPlugin:80 - create IPUIPlugin
2025-02-26 14:03:02,505 [INFO] PluginManager:220 - loadIPPluginJar : add spi
2025-02-26 14:03:02,512 [INFO] IPUIPlugin:80 - create IPUIPlugin
2025-02-26 14:03:02,512 [INFO] PluginManager:220 - loadIPPluginJar : add stm32_wpan
2025-02-26 14:03:02,515 [INFO] IPUIPlugin:80 - create IPUIPlugin
2025-02-26 14:03:02,515 [INFO] PluginManager:220 - loadIPPluginJar : add tim
2025-02-26 14:03:02,520 [INFO] IPUIPlugin:80 - create IPUIPlugin
2025-02-26 14:03:02,520 [INFO] PluginManager:220 - loadIPPluginJar : add touchsensing
2025-02-26 14:03:02,524 [INFO] IPUIPlugin:80 - create IPUIPlugin
2025-02-26 14:03:02,524 [INFO] PluginManager:220 - loadIPPluginJar : add tracer_emb
2025-02-26 14:03:02,527 [INFO] IPUIPlugin:80 - create IPUIPlugin
2025-02-26 14:03:02,527 [INFO] PluginManager:220 - loadIPPluginJar : add ts
2025-02-26 14:03:02,530 [INFO] IPUIPlugin:80 - create IPUIPlugin
2025-02-26 14:03:02,530 [INFO] PluginManager:220 - loadIPPluginJar : add tsc
2025-02-26 14:03:02,533 [INFO] IPUIPlugin:80 - create IPUIPlugin
2025-02-26 14:03:02,533 [INFO] PluginManager:220 - loadIPPluginJar : add ucpd
2025-02-26 14:03:02,537 [INFO] IPUIPlugin:80 - create IPUIPlugin
2025-02-26 14:03:02,538 [INFO] PluginManager:220 - loadIPPluginJar : add usart
2025-02-26 14:03:02,542 [INFO] IPUIPlugin:80 - create IPUIPlugin
2025-02-26 14:03:02,542 [INFO] PluginManager:220 - loadIPPluginJar : add usbx
2025-02-26 14:03:02,676 [FATAL] Updater:351 - Updater called before beeing initialized
2025-02-26 14:03:02,698 [INFO] RulesReader:64 - Compatibility file has been processed (297 Rules)
2025-02-26 14:03:02,708 [INFO] RulesReader:64 - Compatibility file has been processed (297 Rules)
2025-02-26 14:03:02,714 [INFO] CADModel:165 - CPN selected for project level
2025-02-26 14:03:02,714 [INFO] CADModel:114 - Register for checkConnection events
2025-02-26 14:03:02,714 [FATAL] Updater:351 - Updater called before beeing initialized
2025-02-26 14:03:02,715 [ERROR] CADModel:125 - Updater not yet initialized, retry later 
2025-02-26 14:03:02,870 [FATAL] Updater:351 - Updater called before beeing initialized
2025-02-26 14:03:02,872 [INFO] CADModel:165 - CPN selected for project level
2025-02-26 14:03:02,872 [INFO] CADModel:114 - Register for checkConnection events
2025-02-26 14:03:02,873 [FATAL] Updater:351 - Updater called before beeing initialized
2025-02-26 14:03:02,873 [ERROR] CADModel:125 - Updater not yet initialized, retry later 
2025-02-26 14:03:02,876 [FATAL] Updater:351 - Updater called before beeing initialized
2025-02-26 14:03:02,989 [FATAL] Updater:351 - Updater called before beeing initialized
2025-02-26 14:03:02,993 [INFO] DbMcusAds:53 - JSON generation date=Wed Dec 18 01:01:15 KST 2024 (1734451275111)
2025-02-26 14:03:02,994 [FATAL] Updater:351 - Updater called before beeing initialized
2025-02-26 14:03:03,033 [WARN] DetailPanel:346 - Failed to get advertising image, set to default
2025-02-26 14:03:03,299 [FATAL] Updater:351 - Updater called before beeing initialized
2025-02-26 14:03:03,301 [FATAL] Updater:351 - Updater called before beeing initialized
2025-02-26 14:03:03,301 [FATAL] Updater:351 - Updater called before beeing initialized
2025-02-26 14:03:03,301 [WARN] DetailPanel:346 - Failed to get advertising image, set to default
2025-02-26 14:03:03,302 [FATAL] Updater:351 - Updater called before beeing initialized
2025-02-26 14:03:03,411 [ERROR] Updater:1198 - MainUpdater not yet initialized. External WinMGr cannot be set.
2025-02-26 14:03:03,418 [INFO] Updater:1134 - Updater Version found : 6.13.0
2025-02-26 14:03:03,437 [INFO] ApplicationProperties:184 - Using Application install path: C:\ST\STM32CubeIDE_1.17.0\STM32CubeIDE\plugins\com.st.stm32cube.common.mx_6.13.0.202411220809
2025-02-26 14:03:04,169 [INFO] MainUpdater:2872 - connection check result : 10
2025-02-26 14:03:04,169 [INFO] MainUpdater:289 - Updater Check For Update Now.
2025-02-26 14:03:04,170 [INFO] MicroXplorer:498 - Change Database Version : DB.6.0.130
2025-02-26 14:03:04,177 [INFO] McuFinderGlobals:63 - Set McuFinder mode to 2 (CubeIDE integrated)
2025-02-26 14:03:04,181 [INFO] UserAuth:486 - Internet connection configuration mode: 1
2025-02-26 14:03:04,212 [INFO] JxBrowserEngine:152 - Initiate JxBrowser Engine with user profile folder
2025-02-26 14:03:04,439 [INFO] CheckServerUpdateThread:120 - End of CheckServer Thread
2025-02-26 14:03:05,095 [WARN] PackLoader:240 - Cannot read IP mode file for STMicroelectronics.FP-SNS-MOTENVWB1.1.4.0
2025-02-26 14:03:05,106 [WARN] PackLoader:240 - Cannot read IP mode file for STMicroelectronics.FP-ATR-ASTRA1.2.0.1
2025-02-26 14:03:05,114 [WARN] PackLoader:240 - Cannot read IP mode file for STMicroelectronics.X-CUBE-SMBUS.2.1.0
2025-02-26 14:03:05,121 [WARN] PackLoader:240 - Cannot read IP mode file for STMicroelectronics.X-CUBE-WB05N.1.1.0
2025-02-26 14:03:05,147 [WARN] PackLoader:240 - Cannot read IP mode file for STMicroelectronics.X-CUBE-AZRTOS-F7.1.1.0
2025-02-26 14:03:05,155 [WARN] PackLoader:240 - Cannot read IP mode file for STMicroelectronics.FP-SNS-FLIGHT1.5.0.2
2025-02-26 14:03:05,177 [WARN] PackLoader:240 - Cannot read IP mode file for Infineon.AIROC-Wi-Fi-Bluetooth-STM32.1.7.0
2025-02-26 14:03:05,189 [WARN] PackLoader:240 - Cannot read IP mode file for STMicroelectronics.X-CUBE-DISPLAY.3.0.0
2025-02-26 14:03:05,199 [WARN] PackLoader:240 - Cannot read IP mode file for STMicroelectronics.X-CUBE-BLE1.7.0.0
2025-02-26 14:03:05,207 [WARN] PackLoader:240 - Cannot read IP mode file for STMicroelectronics.X-CUBE-NFC10.1.0.0
2025-02-26 14:03:05,222 [WARN] PackLoader:240 - Cannot read IP mode file for STMicroelectronics.X-CUBE-BLEMGR.4.0.0
2025-02-26 14:03:05,230 [WARN] PackLoader:240 - Cannot read IP mode file for emotas.I-CUBE-CANOPEN.1.3.0
2025-02-26 14:03:05,235 [WARN] PackLoader:240 - Cannot read IP mode file for STMicroelectronics.X-CUBE-AI.10.0.0
2025-02-26 14:03:05,240 [WARN] PackLoader:240 - Cannot read IP mode file for STMicroelectronics.FP-SNS-SMARTAG2.1.2.0
2025-02-26 14:03:05,279 [WARN] PackLoader:240 - Cannot read IP mode file for STMicroelectronics.X-CUBE-MEMS1.11.1.0
2025-02-26 14:03:05,449 [INFO] LogOutputStream:77 - [STDOUT_REDIRECT] 1 : Invalid condition id : UX_CORESTACK_Condition cause : null
2025-02-26 14:03:05,450 [INFO] LogOutputStream:77 - [STDOUT_REDIRECT] 1 : Invalid condition id : UX_CORESTACK_Condition cause : null
2025-02-26 14:03:05,451 [INFO] LogOutputStream:77 - [STDOUT_REDIRECT] 1 : Invalid condition id : UX_CORESTACK_Condition cause : null
2025-02-26 14:03:05,453 [INFO] LogOutputStream:77 - [STDOUT_REDIRECT] 1 : Invalid condition id : UX_CORESTACK_Condition cause : null
2025-02-26 14:03:05,454 [INFO] LogOutputStream:77 - [STDOUT_REDIRECT] 1 : Invalid condition id : UX_CORESTACK_Condition cause : null
2025-02-26 14:03:05,456 [WARN] PackLoader:240 - Cannot read IP mode file for STMicroelectronics.X-CUBE-AZRTOS-WL.2.0.0
2025-02-26 14:03:05,477 [WARN] PackLoader:240 - Cannot read IP mode file for STMicroelectronics.FP-SNS-MOTENV1.5.0.0
2025-02-26 14:03:05,484 [WARN] PackLoader:240 - Cannot read IP mode file for wolfSSL.I-CUBE-wolfMQTT.1.19.0
2025-02-26 14:03:05,492 [WARN] PackLoader:240 - Cannot read IP mode file for WES.I-CUBE-Cesium.1.3.0
2025-02-26 14:03:05,498 [WARN] PackLoader:240 - Cannot read IP mode file for STMicroelectronics.X-CUBE-BLE2.3.3.0
2025-02-26 14:03:05,504 [WARN] PackLoader:240 - Cannot read IP mode file for STMicroelectronics.X-CUBE-NFC9.1.0.0
2025-02-26 14:03:05,517 [WARN] PackLoader:240 - Cannot read IP mode file for STMicroelectronics.X-CUBE-AZRTOS-G0.1.1.0
2025-02-26 14:03:05,525 [WARN] PackLoader:240 - Cannot read IP mode file for STMicroelectronics.X-CUBE-SAFEA1.1.2.2
2025-02-26 14:03:05,530 [WARN] PackLoader:240 - Cannot read IP mode file for STMicroelectronics.X-CUBE-NFC4.3.0.0
2025-02-26 14:03:05,539 [WARN] PackLoader:240 - Cannot read IP mode file for EmbeddedOffice.I-CUBE-FS-RTOS.1.0.1
2025-02-26 14:03:05,546 [WARN] PackLoader:240 - Cannot read IP mode file for STMicroelectronics.X-CUBE-TCPP.4.2.0
2025-02-26 14:03:05,552 [WARN] PackLoader:240 - Cannot read IP mode file for RealThread.X-CUBE-RT-Thread_Nano.4.1.1
2025-02-26 14:03:05,558 [WARN] PackLoader:240 - Cannot read IP mode file for STMicroelectronics.FP-ATR-SIGFOX1.3.2.0
2025-02-26 14:03:05,562 [WARN] ConditionMgr:438 - getConditionDescription Invalid condition id : Cortex-A Device cause : null
2025-02-26 14:03:05,574 [WARN] ConditionMgr:1044 - genDependencies : Invalid condition id : Cortex-A Device cause : null
2025-02-26 14:03:05,574 [WARN] ConditionMgr:1044 - genDependencies : Invalid condition id : Cortex-A Device cause : null
2025-02-26 14:03:05,574 [WARN] ConditionMgr:1044 - genDependencies : Invalid condition id : Cortex-A Device cause : null
2025-02-26 14:03:05,580 [WARN] PackLoader:240 - Cannot read IP mode file for STMicroelectronics.X-CUBE-EEPRMA1.5.1.0
2025-02-26 14:03:05,587 [WARN] PackLoader:240 - Cannot read IP mode file for wolfSSL.I-CUBE-wolfSSL.5.7.6
2025-02-26 14:03:05,594 [WARN] PackLoader:240 - Cannot read IP mode file for ITTIA_DB.I-CUBE-ITTIADB.8.9.0
2025-02-26 14:03:05,628 [WARN] PackLoader:240 - Cannot read IP mode file for SEGGER.I-CUBE-embOS.1.3.1
2025-02-26 14:03:05,670 [WARN] PackLoader:240 - Cannot read IP mode file for STMicroelectronics.X-CUBE-ALGOBUILD.1.4.0
2025-02-26 14:03:05,703 [WARN] PackLoader:240 - Cannot read IP mode file for STMicroelectronics.X-CUBE-AZRTOS-F4.1.1.0
2025-02-26 14:03:05,716 [WARN] PackLoader:240 - Cannot read IP mode file for STMicroelectronics.X-CUBE-ISPU.2.1.0
2025-02-26 14:03:05,734 [WARN] PackLoader:240 - Cannot read IP mode file for STMicroelectronics.X-CUBE-AZRTOS-L5.2.0.0
2025-02-26 14:03:05,748 [WARN] PackLoader:240 - Cannot read IP mode file for STMicroelectronics.X-CUBE-NFC6.3.1.0
2025-02-26 14:03:05,768 [WARN] PackLoader:240 - Cannot read IP mode file for STMicroelectronics.X-CUBE-DPower.1.2.0
2025-02-26 14:03:05,775 [WARN] PackLoader:240 - Cannot read IP mode file for STMicroelectronics.X-CUBE-FREERTOS.1.3.0
2025-02-26 14:03:05,781 [WARN] PackLoader:240 - Cannot read IP mode file for STMicroelectronics.X-CUBE-NFC7.1.0.1
2025-02-26 14:03:05,800 [WARN] ConditionMgr:438 - getConditionDescription Invalid condition id : LAN8742 Phy interface Condition cause : null
2025-02-26 14:03:05,801 [WARN] PackLoader:240 - Cannot read IP mode file for STMicroelectronics.X-CUBE-AZRTOS-L4.2.0.0
2025-02-26 14:03:05,802 [WARN] ConditionMgr:1044 - genDependencies : Invalid condition id : LAN8742 Phy interface Condition cause : null
2025-02-26 14:03:05,802 [WARN] ConditionMgr:1044 - genDependencies : Invalid condition id : LAN8742 Phy interface Condition cause : null
2025-02-26 14:03:05,803 [WARN] ConditionMgr:1044 - genDependencies : Invalid condition id : LAN8742 Phy interface Condition cause : null
2025-02-26 14:03:05,812 [WARN] PackLoader:240 - Cannot read IP mode file for STMicroelectronics.X-CUBE-SFXS2LP1.4.0.0
2025-02-26 14:03:05,828 [WARN] PackLoader:240 - Cannot read IP mode file for STMicroelectronics.X-CUBE-AZRTOS-H7.3.3.0
2025-02-26 14:03:05,841 [WARN] ConditionMgr:438 - getConditionDescription Invalid condition id : UX DEVICE CLASS RTOS Condition cause : null
2025-02-26 14:03:05,842 [WARN] ConditionMgr:438 - getConditionDescription Invalid condition id : UX DEVICE CLASS RTOS Condition cause : null
2025-02-26 14:03:05,843 [WARN] PackLoader:240 - Cannot read IP mode file for STMicroelectronics.X-CUBE-AZRTOS-WB.2.0.0
2025-02-26 14:03:05,844 [WARN] ConditionMgr:1044 - genDependencies : Invalid condition id : UX DEVICE CLASS RTOS Condition cause : null
2025-02-26 14:03:05,844 [WARN] ConditionMgr:1044 - genDependencies : Invalid condition id : UX DEVICE CLASS RTOS Condition cause : null
2025-02-26 14:03:05,844 [WARN] ConditionMgr:1044 - genDependencies : Invalid condition id : UX DEVICE CLASS RTOS Condition cause : null
2025-02-26 14:03:05,845 [WARN] ConditionMgr:1044 - genDependencies : Invalid condition id : UX DEVICE CLASS RTOS Condition cause : null
2025-02-26 14:03:05,845 [WARN] ConditionMgr:1044 - genDependencies : Invalid condition id : UX DEVICE CLASS RTOS Condition cause : null
2025-02-26 14:03:05,855 [WARN] PackLoader:240 - Cannot read IP mode file for STMicroelectronics.X-CUBE-GNSS1.7.0.1
2025-02-26 14:03:05,865 [WARN] PackLoader:240 - Cannot read IP mode file for STMicroelectronics.FP-SNS-STBOX1.2.0.0
2025-02-26 14:03:05,877 [WARN] PackLoader:240 - Cannot read IP mode file for STMicroelectronics.X-CUBE-SUBG2.5.0.0
2025-02-26 14:03:05,886 [WARN] PackLoader:240 - Cannot read IP mode file for Cesanta.I-CUBE-Mongoose.7.13.0
2025-02-26 14:03:05,897 [WARN] PackLoader:240 - Cannot read IP mode file for STMicroelectronics.X-CUBE-AZRTOS-G4.2.0.0
2025-02-26 14:03:05,910 [WARN] PackLoader:240 - Cannot read IP mode file for STMicroelectronics.X-CUBE-IPS.3.1.0
2025-02-26 14:03:05,920 [WARN] PackLoader:240 - Cannot read IP mode file for STMicroelectronics.X-CUBE-ALS.1.0.2
2025-02-26 14:03:05,927 [WARN] PackLoader:240 - Cannot read IP mode file for STMicroelectronics.X-CUBE-TOUCHGFX.4.24.2
2025-02-26 14:03:05,933 [WARN] PackLoader:240 - Cannot read IP mode file for wolfSSL.I-CUBE-wolfTPM.3.4.0
2025-02-26 14:03:05,941 [WARN] PackLoader:240 - Cannot read IP mode file for portGmbH.I-Cube-SoM-uGOAL.1.1.0
2025-02-26 14:03:05,957 [WARN] PackLoader:240 - Cannot read IP mode file for STMicroelectronics.X-CUBE-AZRTOS-H7RS.1.0.0
2025-02-26 14:03:05,968 [WARN] PackLoader:240 - Cannot read IP mode file for STMicroelectronics.X-CUBE-TOF1.3.4.2
2025-02-26 14:03:05,986 [WARN] PackLoader:240 - Cannot read IP mode file for wolfSSL.I-CUBE-wolfSSH.1.4.17
2025-02-26 14:03:05,987 [INFO] ThirdParty:978 - Integrity check success = true
2025-02-26 14:03:05,987 [INFO] IntegrityCheckThread:100 - exiting critical section [integrity check]
2025-02-26 14:03:05,987 [INFO] IntegrityCheckThread:103 - End integrity checks thread
2025-02-26 14:03:06,411 [INFO] WebApp:168 - Instantiating new browser for Auth
2025-02-26 14:03:07,536 [INFO] WebApp:449 - Apply proxy settings
2025-02-26 14:03:07,536 [INFO] WebApp:534 - Chromium requires no authentication
2025-02-26 14:03:07,550 [INFO] WebApp:477 - Direct internet connection detected
2025-02-26 14:03:07,580 [INFO] WebApp:880 - Register for checkConnection events
2025-02-26 14:03:07,581 [INFO] WebApp:449 - Apply proxy settings
2025-02-26 14:03:07,581 [INFO] WebApp:534 - Chromium requires no authentication
2025-02-26 14:03:07,581 [INFO] WebApp:477 - Direct internet connection detected
2025-02-26 14:03:07,773 [INFO] WebApp:221 - Starting web application
2025-02-26 14:03:07,773 [INFO] WebApp:579 - Web application path used C:\ST\STM32CubeIDE_1.17.0\STM32CubeIDE\plugins\com.st.stm32cube.common.mx_6.13.0.202411220809\db\plugins\mcufinder\reactClient1\index.html
2025-02-26 14:03:07,941 [INFO] UserAuth:486 - Internet connection configuration mode: 1
2025-02-26 14:03:08,109 [INFO] WebApp:187 - Connection restablished
2025-02-26 14:27:34,391 [ERROR] LogOutputStream:75 - [STDERR_REDIRECT] 
